[13:22:38.113] [INFO] storybook v10.1.5
[13:22:39.366] [WARN] As of Storybook 10.0, PnP is deprecated.
If you are using PnP, you can continue to use Storybook 10.0, but we recommend migrating to a different package manager or linker-mode.

In future versions, PnP compatibility will be removed.
[13:22:42.703] [DEBUG] Getting package.json info for /Users/edsonmartins/tmp/archbase-react-v3/package.json...
[13:22:46.638] [DEBUG] Serving static files from [36mdocs/static[39m at [36m/[39m
[13:22:46.934] [INFO] Starting...
[13:22:48.548] [ERROR] [38;2;241;97;97mError: Build failed with 2 errors:
node_modules/storybook/dist/core-server/presets/common-manager.js:68:34: ERROR: Could not resolve "@storybook/global"
node_modules/storybook/dist/core-server/presets/common-manager.js:97:38: ERROR: Could not resolve "storybook/internal/csf"[39m
    at failureErrorWithLog (./node_modules/esbuild/lib/main.js:1651:15)
    at ./node_modules/esbuild/lib/main.js:1059:25
    at runOnEndCallbacks (./node_modules/esbuild/lib/main.js:1486:45)
    at buildResponseToResult (./node_modules/esbuild/lib/main.js:1057:7)
    at ./node_modules/esbuild/lib/main.js:1086:16
    at responseCallbacks.<computed> (./node_modules/esbuild/lib/main.js:704:9)
    at handleIncomingPacket (./node_modules/esbuild/lib/main.js:764:9)
    at Socket.readFromStdout (./node_modules/esbuild/lib/main.js:680:7)
    at Socket.emit (node:events:524:28)
    at addChunk (node:internal/streams/readable:561:12)
[13:22:48.552] [WARN] Broken build, fix the error above.
You may need to refresh the browser.